ARM GAS  /var/folders/9t/hshg14bj4r3bdmp8s0pp3jdw0000gn/T//ccXiVm1J.s 			page 1


   1              		.syntax unified
   2              		.cpu cortex-m3
   3              		.fpu softvfp
   4              		.eabi_attribute 20, 1
   5              		.eabi_attribute 21, 1
   6              		.eabi_attribute 23, 3
   7              		.eabi_attribute 24, 1
   8              		.eabi_attribute 25, 1
   9              		.eabi_attribute 26, 1
  10              		.eabi_attribute 30, 1
  11              		.eabi_attribute 34, 1
  12              		.eabi_attribute 18, 4
  13              		.thumb
  14              		.syntax unified
  15              		.file	"gpio.c"
  16              		.text
  17              	.Ltext0:
  18              		.cfi_sections	.debug_frame
  19              		.section	.text.MX_GPIO_Init,"ax",%progbits
  20              		.align	2
  21              		.global	MX_GPIO_Init
  22              		.thumb
  23              		.thumb_func
  25              	MX_GPIO_Init:
  26              	.LFB65:
  27              		.file 1 "Src/gpio.c"
   1:Src/gpio.c    **** /**
   2:Src/gpio.c    ****   ******************************************************************************
   3:Src/gpio.c    ****   * File Name          : gpio.c
   4:Src/gpio.c    ****   * Description        : This file provides code for the configuration
   5:Src/gpio.c    ****   *                      of all used GPIO pins.
   6:Src/gpio.c    ****   ******************************************************************************
   7:Src/gpio.c    ****   * @attention
   8:Src/gpio.c    ****   *
   9:Src/gpio.c    ****   * <h2><center>&copy; Copyright (c) 2020 STMicroelectronics.
  10:Src/gpio.c    ****   * All rights reserved.</center></h2>
  11:Src/gpio.c    ****   *
  12:Src/gpio.c    ****   * This software component is licensed by ST under BSD 3-Clause license,
  13:Src/gpio.c    ****   * the "License"; You may not use this file except in compliance with the
  14:Src/gpio.c    ****   * License. You may obtain a copy of the License at:
  15:Src/gpio.c    ****   *                        opensource.org/licenses/BSD-3-Clause
  16:Src/gpio.c    ****   *
  17:Src/gpio.c    ****   ******************************************************************************
  18:Src/gpio.c    ****   */
  19:Src/gpio.c    **** 
  20:Src/gpio.c    **** /* Includes ------------------------------------------------------------------*/
  21:Src/gpio.c    **** #include "gpio.h"
  22:Src/gpio.c    **** /* USER CODE BEGIN 0 */
  23:Src/gpio.c    **** 
  24:Src/gpio.c    **** /* USER CODE END 0 */
  25:Src/gpio.c    **** 
  26:Src/gpio.c    **** /*----------------------------------------------------------------------------*/
  27:Src/gpio.c    **** /* Configure GPIO                                                             */
  28:Src/gpio.c    **** /*----------------------------------------------------------------------------*/
  29:Src/gpio.c    **** /* USER CODE BEGIN 1 */
  30:Src/gpio.c    **** 
  31:Src/gpio.c    **** /* USER CODE END 1 */
ARM GAS  /var/folders/9t/hshg14bj4r3bdmp8s0pp3jdw0000gn/T//ccXiVm1J.s 			page 2


  32:Src/gpio.c    **** 
  33:Src/gpio.c    **** /** Configure pins as 
  34:Src/gpio.c    ****         * Analog 
  35:Src/gpio.c    ****         * Input 
  36:Src/gpio.c    ****         * Output
  37:Src/gpio.c    ****         * EVENT_OUT
  38:Src/gpio.c    ****         * EXTI
  39:Src/gpio.c    **** */
  40:Src/gpio.c    **** void MX_GPIO_Init(void)
  41:Src/gpio.c    **** {
  28              		.loc 1 41 0
  29              		.cfi_startproc
  30              		@ args = 0, pretend = 0, frame = 16
  31              		@ frame_needed = 0, uses_anonymous_args = 0
  32              		@ link register save eliminated.
  33 0000 84B0     		sub	sp, sp, #16
  34              	.LCFI0:
  35              		.cfi_def_cfa_offset 16
  36              	.LBB2:
  42:Src/gpio.c    **** 
  43:Src/gpio.c    ****   /* GPIO Ports Clock Enable */
  44:Src/gpio.c    ****   __HAL_RCC_GPIOA_CLK_ENABLE();
  37              		.loc 1 44 0
  38 0002 134B     		ldr	r3, .L3
  39 0004 9A69     		ldr	r2, [r3, #24]
  40 0006 42F00402 		orr	r2, r2, #4
  41 000a 9A61     		str	r2, [r3, #24]
  42 000c 9A69     		ldr	r2, [r3, #24]
  43 000e 02F00402 		and	r2, r2, #4
  44 0012 0092     		str	r2, [sp]
  45 0014 009A     		ldr	r2, [sp]
  46              	.LBE2:
  47              	.LBB3:
  45:Src/gpio.c    ****   __HAL_RCC_GPIOB_CLK_ENABLE();
  48              		.loc 1 45 0
  49 0016 9A69     		ldr	r2, [r3, #24]
  50 0018 42F00802 		orr	r2, r2, #8
  51 001c 9A61     		str	r2, [r3, #24]
  52 001e 9A69     		ldr	r2, [r3, #24]
  53 0020 02F00802 		and	r2, r2, #8
  54 0024 0192     		str	r2, [sp, #4]
  55 0026 019A     		ldr	r2, [sp, #4]
  56              	.LBE3:
  57              	.LBB4:
  46:Src/gpio.c    ****   __HAL_RCC_GPIOC_CLK_ENABLE();
  58              		.loc 1 46 0
  59 0028 9A69     		ldr	r2, [r3, #24]
  60 002a 42F01002 		orr	r2, r2, #16
  61 002e 9A61     		str	r2, [r3, #24]
  62 0030 9A69     		ldr	r2, [r3, #24]
  63 0032 02F01002 		and	r2, r2, #16
  64 0036 0292     		str	r2, [sp, #8]
  65 0038 029A     		ldr	r2, [sp, #8]
  66              	.LBE4:
  67              	.LBB5:
  47:Src/gpio.c    ****   __HAL_RCC_GPIOD_CLK_ENABLE();
  68              		.loc 1 47 0
ARM GAS  /var/folders/9t/hshg14bj4r3bdmp8s0pp3jdw0000gn/T//ccXiVm1J.s 			page 3


  69 003a 9A69     		ldr	r2, [r3, #24]
  70 003c 42F02002 		orr	r2, r2, #32
  71 0040 9A61     		str	r2, [r3, #24]
  72 0042 9B69     		ldr	r3, [r3, #24]
  73 0044 03F02003 		and	r3, r3, #32
  74 0048 0393     		str	r3, [sp, #12]
  75 004a 039B     		ldr	r3, [sp, #12]
  76              	.LBE5:
  48:Src/gpio.c    **** 
  49:Src/gpio.c    **** }
  77              		.loc 1 49 0
  78 004c 04B0     		add	sp, sp, #16
  79              	.LCFI1:
  80              		.cfi_def_cfa_offset 0
  81              		@ sp needed
  82 004e 7047     		bx	lr
  83              	.L4:
  84              		.align	2
  85              	.L3:
  86 0050 00100240 		.word	1073876992
  87              		.cfi_endproc
  88              	.LFE65:
  90              		.text
  91              	.Letext0:
  92              		.file 2 "/Users/leixiaoxiang/opt/gcc-arm-none-eabi/arm-none-eabi/include/machine/_default_types.h"
  93              		.file 3 "/Users/leixiaoxiang/opt/gcc-arm-none-eabi/arm-none-eabi/include/sys/_stdint.h"
  94              		.file 4 "Drivers/CMSIS/Device/ST/STM32F1xx/Include/stm32f103xe.h"
  95              		.file 5 "Drivers/CMSIS/Include/core_cm3.h"
ARM GAS  /var/folders/9t/hshg14bj4r3bdmp8s0pp3jdw0000gn/T//ccXiVm1J.s 			page 4


DEFINED SYMBOLS
                            *ABS*:0000000000000000 gpio.c
/var/folders/9t/hshg14bj4r3bdmp8s0pp3jdw0000gn/T//ccXiVm1J.s:20     .text.MX_GPIO_Init:0000000000000000 $t
/var/folders/9t/hshg14bj4r3bdmp8s0pp3jdw0000gn/T//ccXiVm1J.s:25     .text.MX_GPIO_Init:0000000000000000 MX_GPIO_Init
/var/folders/9t/hshg14bj4r3bdmp8s0pp3jdw0000gn/T//ccXiVm1J.s:86     .text.MX_GPIO_Init:0000000000000050 $d
                     .debug_frame:0000000000000010 $d

NO UNDEFINED SYMBOLS
