ARM GAS  /var/folders/9t/hshg14bj4r3bdmp8s0pp3jdw0000gn/T//ccEfJ1uh.s 			page 1


   1              		.syntax unified
   2              		.cpu cortex-m3
   3              		.fpu softvfp
   4              		.eabi_attribute 20, 1
   5              		.eabi_attribute 21, 1
   6              		.eabi_attribute 23, 3
   7              		.eabi_attribute 24, 1
   8              		.eabi_attribute 25, 1
   9              		.eabi_attribute 26, 1
  10              		.eabi_attribute 30, 1
  11              		.eabi_attribute 34, 1
  12              		.eabi_attribute 18, 4
  13              		.thumb
  14              		.syntax unified
  15              		.file	"main.c"
  16              		.text
  17              	.Ltext0:
  18              		.cfi_sections	.debug_frame
  19              		.section	.text.SystemClock_Config,"ax",%progbits
  20              		.align	2
  21              		.global	SystemClock_Config
  22              		.thumb
  23              		.thumb_func
  25              	SystemClock_Config:
  26              	.LFB67:
  27              		.file 1 "Src/main.c"
   1:Src/main.c    **** /* USER CODE BEGIN Header */
   2:Src/main.c    **** /**
   3:Src/main.c    ****   ******************************************************************************
   4:Src/main.c    ****   * @file           : main.c
   5:Src/main.c    ****   * @brief          : Main program body
   6:Src/main.c    ****   ******************************************************************************
   7:Src/main.c    ****   * @attention
   8:Src/main.c    ****   *
   9:Src/main.c    ****   * <h2><center>&copy; Copyright (c) 2020 STMicroelectronics.
  10:Src/main.c    ****   * All rights reserved.</center></h2>
  11:Src/main.c    ****   *
  12:Src/main.c    ****   * This software component is licensed by ST under BSD 3-Clause license,
  13:Src/main.c    ****   * the "License"; You may not use this file except in compliance with the
  14:Src/main.c    ****   * License. You may obtain a copy of the License at:
  15:Src/main.c    ****   *                        opensource.org/licenses/BSD-3-Clause
  16:Src/main.c    ****   *
  17:Src/main.c    ****   ******************************************************************************
  18:Src/main.c    ****   */
  19:Src/main.c    **** /* USER CODE END Header */
  20:Src/main.c    **** 
  21:Src/main.c    **** /* Includes ------------------------------------------------------------------*/
  22:Src/main.c    **** #include "main.h"
  23:Src/main.c    **** //#include "usart.h"
  24:Src/main.c    **** #include "Control_usart.h"
  25:Src/main.c    **** #include "gpio.h"
  26:Src/main.c    **** #include "stdio.h"
  27:Src/main.c    **** 
  28:Src/main.c    **** /* Private includes ----------------------------------------------------------*/
  29:Src/main.c    **** /* USER CODE BEGIN Includes */
  30:Src/main.c    **** 
  31:Src/main.c    **** /* USER CODE END Includes */
ARM GAS  /var/folders/9t/hshg14bj4r3bdmp8s0pp3jdw0000gn/T//ccEfJ1uh.s 			page 2


  32:Src/main.c    **** 
  33:Src/main.c    **** /* Private typedef -----------------------------------------------------------*/
  34:Src/main.c    **** /* USER CODE BEGIN PTD */
  35:Src/main.c    **** 
  36:Src/main.c    **** /* USER CODE END PTD */
  37:Src/main.c    **** 
  38:Src/main.c    **** /* Private define ------------------------------------------------------------*/
  39:Src/main.c    **** /* USER CODE BEGIN PD */
  40:Src/main.c    **** /* USER CODE END PD */
  41:Src/main.c    **** 
  42:Src/main.c    **** /* Private macro -------------------------------------------------------------*/
  43:Src/main.c    **** /* USER CODE BEGIN PM */
  44:Src/main.c    **** 
  45:Src/main.c    **** /* USER CODE END PM */
  46:Src/main.c    **** 
  47:Src/main.c    **** /* Private variables ---------------------------------------------------------*/
  48:Src/main.c    **** 
  49:Src/main.c    **** /* USER CODE BEGIN PV */
  50:Src/main.c    **** 
  51:Src/main.c    **** /* USER CODE END PV */
  52:Src/main.c    **** 
  53:Src/main.c    **** /* Private function prototypes -----------------------------------------------*/
  54:Src/main.c    **** void SystemClock_Config(void);
  55:Src/main.c    **** /* USER CODE BEGIN PFP */
  56:Src/main.c    **** 
  57:Src/main.c    **** /* USER CODE END PFP */
  58:Src/main.c    **** 
  59:Src/main.c    **** /* Private user code ---------------------------------------------------------*/
  60:Src/main.c    **** /* USER CODE BEGIN 0 */
  61:Src/main.c    **** 
  62:Src/main.c    **** /* USER CODE END 0 */
  63:Src/main.c    **** 
  64:Src/main.c    **** /**
  65:Src/main.c    ****   * @brief  The application entry point.
  66:Src/main.c    ****   * @retval int
  67:Src/main.c    ****   */
  68:Src/main.c    **** int main(void)
  69:Src/main.c    **** {
  70:Src/main.c    ****   /* USER CODE BEGIN 1 */
  71:Src/main.c    **** 
  72:Src/main.c    ****   /* USER CODE END 1 */
  73:Src/main.c    **** 
  74:Src/main.c    ****   /* MCU Configuration--------------------------------------------------------*/
  75:Src/main.c    **** 
  76:Src/main.c    ****   /* Reset of all peripherals, Initializes the Flash interface and the Systick. */
  77:Src/main.c    ****   HAL_Init();
  78:Src/main.c    **** 
  79:Src/main.c    ****   /* USER CODE BEGIN Init */
  80:Src/main.c    **** 
  81:Src/main.c    ****   /* USER CODE END Init */
  82:Src/main.c    **** 
  83:Src/main.c    ****   /* Configure the system clock */
  84:Src/main.c    ****   SystemClock_Config();
  85:Src/main.c    **** 
  86:Src/main.c    ****   /* USER CODE BEGIN SysInit */
  87:Src/main.c    **** 
  88:Src/main.c    ****   /* USER CODE END SysInit */
ARM GAS  /var/folders/9t/hshg14bj4r3bdmp8s0pp3jdw0000gn/T//ccEfJ1uh.s 			page 3


  89:Src/main.c    **** 
  90:Src/main.c    ****   /* Initialize all configured peripherals */
  91:Src/main.c    ****   MX_GPIO_Init();
  92:Src/main.c    ****   MX_ALL_OF_UART_Init();
  93:Src/main.c    ****   /* USER CODE BEGIN 2 */
  94:Src/main.c    **** 
  95:Src/main.c    ****   /* USER CODE END 2 */
  96:Src/main.c    **** 
  97:Src/main.c    ****   /* Infinite loop */
  98:Src/main.c    ****   /* USER CODE BEGIN WHILE */
  99:Src/main.c    ****   while (1)
 100:Src/main.c    ****   {
 101:Src/main.c    ****     /* USER CODE END WHILE */
 102:Src/main.c    ****     printf("ccccccccc\n");
 103:Src/main.c    ****     HAL_Delay(1000);
 104:Src/main.c    ****     /* USER CODE BEGIN 3 */
 105:Src/main.c    ****   }
 106:Src/main.c    ****   /* USER CODE END 3 */
 107:Src/main.c    **** }
 108:Src/main.c    **** 
 109:Src/main.c    **** /**
 110:Src/main.c    ****   * @brief System Clock Configuration
 111:Src/main.c    ****   * @retval None
 112:Src/main.c    ****   */
 113:Src/main.c    **** void SystemClock_Config(void)
 114:Src/main.c    **** {
  28              		.loc 1 114 0
  29              		.cfi_startproc
  30              		@ args = 0, pretend = 0, frame = 64
  31              		@ frame_needed = 0, uses_anonymous_args = 0
  32 0000 30B5     		push	{r4, r5, lr}
  33              	.LCFI0:
  34              		.cfi_def_cfa_offset 12
  35              		.cfi_offset 4, -12
  36              		.cfi_offset 5, -8
  37              		.cfi_offset 14, -4
  38 0002 91B0     		sub	sp, sp, #68
  39              	.LCFI1:
  40              		.cfi_def_cfa_offset 80
 115:Src/main.c    ****   RCC_OscInitTypeDef RCC_OscInitStruct = {0};
  41              		.loc 1 115 0
  42 0004 2822     		movs	r2, #40
  43 0006 0021     		movs	r1, #0
  44 0008 06A8     		add	r0, sp, #24
  45 000a FFF7FEFF 		bl	memset
  46              	.LVL0:
 116:Src/main.c    ****   RCC_ClkInitTypeDef RCC_ClkInitStruct = {0};
  47              		.loc 1 116 0
  48 000e 0024     		movs	r4, #0
  49 0010 0194     		str	r4, [sp, #4]
  50 0012 0294     		str	r4, [sp, #8]
  51 0014 0394     		str	r4, [sp, #12]
  52 0016 0494     		str	r4, [sp, #16]
  53 0018 0594     		str	r4, [sp, #20]
 117:Src/main.c    **** 
 118:Src/main.c    ****   /** Initializes the CPU, AHB and APB busses clocks 
 119:Src/main.c    ****   */
ARM GAS  /var/folders/9t/hshg14bj4r3bdmp8s0pp3jdw0000gn/T//ccEfJ1uh.s 			page 4


 120:Src/main.c    ****   RCC_OscInitStruct.OscillatorType = RCC_OSCILLATORTYPE_HSE;
  54              		.loc 1 120 0
  55 001a 0122     		movs	r2, #1
  56 001c 0692     		str	r2, [sp, #24]
 121:Src/main.c    ****   RCC_OscInitStruct.HSEState = RCC_HSE_ON;
  57              		.loc 1 121 0
  58 001e 4FF48033 		mov	r3, #65536
  59 0022 0793     		str	r3, [sp, #28]
 122:Src/main.c    ****   RCC_OscInitStruct.HSEPredivValue = RCC_HSE_PREDIV_DIV1;
 123:Src/main.c    ****   RCC_OscInitStruct.HSIState = RCC_HSI_ON;
  60              		.loc 1 123 0
  61 0024 0A92     		str	r2, [sp, #40]
 124:Src/main.c    ****   RCC_OscInitStruct.PLL.PLLState = RCC_PLL_ON;
  62              		.loc 1 124 0
  63 0026 0225     		movs	r5, #2
  64 0028 0D95     		str	r5, [sp, #52]
 125:Src/main.c    ****   RCC_OscInitStruct.PLL.PLLSource = RCC_PLLSOURCE_HSE;
  65              		.loc 1 125 0
  66 002a 0E93     		str	r3, [sp, #56]
 126:Src/main.c    ****   RCC_OscInitStruct.PLL.PLLMUL = RCC_PLL_MUL9;
  67              		.loc 1 126 0
  68 002c 4FF4E013 		mov	r3, #1835008
  69 0030 0F93     		str	r3, [sp, #60]
 127:Src/main.c    ****   if (HAL_RCC_OscConfig(&RCC_OscInitStruct) != HAL_OK)
  70              		.loc 1 127 0
  71 0032 06A8     		add	r0, sp, #24
  72 0034 FFF7FEFF 		bl	HAL_RCC_OscConfig
  73              	.LVL1:
 128:Src/main.c    ****   {
 129:Src/main.c    ****     Error_Handler();
 130:Src/main.c    ****   }
 131:Src/main.c    ****   /** Initializes the CPU, AHB and APB busses clocks 
 132:Src/main.c    ****   */
 133:Src/main.c    ****   RCC_ClkInitStruct.ClockType = RCC_CLOCKTYPE_HCLK|RCC_CLOCKTYPE_SYSCLK
  74              		.loc 1 133 0
  75 0038 0F23     		movs	r3, #15
  76 003a 0193     		str	r3, [sp, #4]
 134:Src/main.c    ****                               |RCC_CLOCKTYPE_PCLK1|RCC_CLOCKTYPE_PCLK2;
 135:Src/main.c    ****   RCC_ClkInitStruct.SYSCLKSource = RCC_SYSCLKSOURCE_PLLCLK;
  77              		.loc 1 135 0
  78 003c 0295     		str	r5, [sp, #8]
 136:Src/main.c    ****   RCC_ClkInitStruct.AHBCLKDivider = RCC_SYSCLK_DIV1;
  79              		.loc 1 136 0
  80 003e 0394     		str	r4, [sp, #12]
 137:Src/main.c    ****   RCC_ClkInitStruct.APB1CLKDivider = RCC_HCLK_DIV2;
  81              		.loc 1 137 0
  82 0040 4FF48063 		mov	r3, #1024
  83 0044 0493     		str	r3, [sp, #16]
 138:Src/main.c    ****   RCC_ClkInitStruct.APB2CLKDivider = RCC_HCLK_DIV1;
  84              		.loc 1 138 0
  85 0046 0594     		str	r4, [sp, #20]
 139:Src/main.c    **** 
 140:Src/main.c    ****   if (HAL_RCC_ClockConfig(&RCC_ClkInitStruct, FLASH_LATENCY_2) != HAL_OK)
  86              		.loc 1 140 0
  87 0048 2946     		mov	r1, r5
  88 004a 01A8     		add	r0, sp, #4
  89 004c FFF7FEFF 		bl	HAL_RCC_ClockConfig
ARM GAS  /var/folders/9t/hshg14bj4r3bdmp8s0pp3jdw0000gn/T//ccEfJ1uh.s 			page 5


  90              	.LVL2:
 141:Src/main.c    ****   {
 142:Src/main.c    ****     Error_Handler();
 143:Src/main.c    ****   }
 144:Src/main.c    **** }
  91              		.loc 1 144 0
  92 0050 11B0     		add	sp, sp, #68
  93              	.LCFI2:
  94              		.cfi_def_cfa_offset 12
  95              		@ sp needed
  96 0052 30BD     		pop	{r4, r5, pc}
  97              		.cfi_endproc
  98              	.LFE67:
 100              		.section	.text.main,"ax",%progbits
 101              		.align	2
 102              		.global	main
 103              		.thumb
 104              		.thumb_func
 106              	main:
 107              	.LFB66:
  69:Src/main.c    ****   /* USER CODE BEGIN 1 */
 108              		.loc 1 69 0
 109              		.cfi_startproc
 110              		@ Volatile: function does not return.
 111              		@ args = 0, pretend = 0, frame = 0
 112              		@ frame_needed = 0, uses_anonymous_args = 0
 113 0000 08B5     		push	{r3, lr}
 114              	.LCFI3:
 115              		.cfi_def_cfa_offset 8
 116              		.cfi_offset 3, -8
 117              		.cfi_offset 14, -4
  77:Src/main.c    **** 
 118              		.loc 1 77 0
 119 0002 FFF7FEFF 		bl	HAL_Init
 120              	.LVL3:
  84:Src/main.c    **** 
 121              		.loc 1 84 0
 122 0006 FFF7FEFF 		bl	SystemClock_Config
 123              	.LVL4:
  91:Src/main.c    ****   MX_ALL_OF_UART_Init();
 124              		.loc 1 91 0
 125 000a FFF7FEFF 		bl	MX_GPIO_Init
 126              	.LVL5:
  92:Src/main.c    ****   /* USER CODE BEGIN 2 */
 127              		.loc 1 92 0
 128 000e FFF7FEFF 		bl	MX_ALL_OF_UART_Init
 129              	.LVL6:
 130              	.L4:
 102:Src/main.c    ****     HAL_Delay(1000);
 131              		.loc 1 102 0 discriminator 1
 132 0012 0448     		ldr	r0, .L6
 133 0014 FFF7FEFF 		bl	puts
 134              	.LVL7:
 103:Src/main.c    ****     /* USER CODE BEGIN 3 */
 135              		.loc 1 103 0 discriminator 1
 136 0018 4FF47A70 		mov	r0, #1000
 137 001c FFF7FEFF 		bl	HAL_Delay
ARM GAS  /var/folders/9t/hshg14bj4r3bdmp8s0pp3jdw0000gn/T//ccEfJ1uh.s 			page 6


 138              	.LVL8:
 139 0020 F7E7     		b	.L4
 140              	.L7:
 141 0022 00BF     		.align	2
 142              	.L6:
 143 0024 00000000 		.word	.LC0
 144              		.cfi_endproc
 145              	.LFE66:
 147              		.section	.text.Error_Handler,"ax",%progbits
 148              		.align	2
 149              		.global	Error_Handler
 150              		.thumb
 151              		.thumb_func
 153              	Error_Handler:
 154              	.LFB68:
 145:Src/main.c    **** 
 146:Src/main.c    **** /* USER CODE BEGIN 4 */
 147:Src/main.c    **** 
 148:Src/main.c    **** /* USER CODE END 4 */
 149:Src/main.c    **** 
 150:Src/main.c    **** /**
 151:Src/main.c    ****   * @brief  This function is executed in case of error occurrence.
 152:Src/main.c    ****   * @retval None
 153:Src/main.c    ****   */
 154:Src/main.c    **** void Error_Handler(void)
 155:Src/main.c    **** {
 155              		.loc 1 155 0
 156              		.cfi_startproc
 157              		@ args = 0, pretend = 0, frame = 0
 158              		@ frame_needed = 0, uses_anonymous_args = 0
 159              		@ link register save eliminated.
 160 0000 7047     		bx	lr
 161              		.cfi_endproc
 162              	.LFE68:
 164 0002 00BF     		.section	.rodata.str1.4,"aMS",%progbits,1
 165              		.align	2
 166              	.LC0:
 167 0000 63636363 		.ascii	"ccccccccc\000"
 167      63636363 
 167      6300
 168              		.text
 169              	.Letext0:
 170              		.file 2 "/Users/leixiaoxiang/opt/gcc-arm-none-eabi/arm-none-eabi/include/machine/_default_types.h"
 171              		.file 3 "/Users/leixiaoxiang/opt/gcc-arm-none-eabi/arm-none-eabi/include/sys/_stdint.h"
 172              		.file 4 "Drivers/STM32F1xx_HAL_Driver/Inc/stm32f1xx_hal_rcc.h"
 173              		.file 5 "Drivers/STM32F1xx_HAL_Driver/Inc/stm32f1xx_hal_rcc_ex.h"
 174              		.file 6 "Drivers/STM32F1xx_HAL_Driver/Inc/stm32f1xx_hal.h"
 175              		.file 7 "Inc/gpio.h"
 176              		.file 8 "Inc/Control_usart.h"
 177              		.file 9 "Drivers/STM32F1xx_HAL_Driver/Inc/stm32f1xx_hal_def.h"
 178              		.file 10 "Drivers/CMSIS/Include/core_cm3.h"
 179              		.file 11 "<built-in>"
ARM GAS  /var/folders/9t/hshg14bj4r3bdmp8s0pp3jdw0000gn/T//ccEfJ1uh.s 			page 7


DEFINED SYMBOLS
                            *ABS*:0000000000000000 main.c
/var/folders/9t/hshg14bj4r3bdmp8s0pp3jdw0000gn/T//ccEfJ1uh.s:20     .text.SystemClock_Config:0000000000000000 $t
/var/folders/9t/hshg14bj4r3bdmp8s0pp3jdw0000gn/T//ccEfJ1uh.s:25     .text.SystemClock_Config:0000000000000000 SystemClock_Config
/var/folders/9t/hshg14bj4r3bdmp8s0pp3jdw0000gn/T//ccEfJ1uh.s:101    .text.main:0000000000000000 $t
/var/folders/9t/hshg14bj4r3bdmp8s0pp3jdw0000gn/T//ccEfJ1uh.s:106    .text.main:0000000000000000 main
/var/folders/9t/hshg14bj4r3bdmp8s0pp3jdw0000gn/T//ccEfJ1uh.s:143    .text.main:0000000000000024 $d
/var/folders/9t/hshg14bj4r3bdmp8s0pp3jdw0000gn/T//ccEfJ1uh.s:148    .text.Error_Handler:0000000000000000 $t
/var/folders/9t/hshg14bj4r3bdmp8s0pp3jdw0000gn/T//ccEfJ1uh.s:153    .text.Error_Handler:0000000000000000 Error_Handler
/var/folders/9t/hshg14bj4r3bdmp8s0pp3jdw0000gn/T//ccEfJ1uh.s:165    .rodata.str1.4:0000000000000000 $d
                     .debug_frame:0000000000000010 $d

UNDEFINED SYMBOLS
memset
HAL_RCC_OscConfig
HAL_RCC_ClockConfig
HAL_Init
MX_GPIO_Init
MX_ALL_OF_UART_Init
puts
HAL_Delay
